<?xml version="1.0" encoding="UTF-8"?>
<!-- Generated by org.testng.reporters.JUnitXMLReporter -->
<testsuite ignored="1" hostname="AGSA" failures="1" tests="1" name="Test" time="0.091" errors="0" timestamp="2023-09-05T13:43:44 IST">
  <testcase classname="project.Login" name="loginbyfacebook" time="0.029">
    <failure type="java.lang.AssertionError" message="expected [sai] but found [sai1]">
      <![CDATA[java.lang.AssertionError: expected [sai] but found [sai1]
at project.Login.loginbyfacebook(Login.java:15)
at java.base/java.util.ArrayList.forEach(ArrayList.java:1541)
... Removed 33 stack frames]]>
    </failure>
  </testcase> <!-- loginbyfacebook -->
  <testcase classname="project.Login" name="loginbyemail" time="0.0">
    <ignored/>
  </testcase> <!-- loginbyemail -->
</testsuite> <!-- Test -->
