<?xml version="1.0" encoding="UTF-8"?>
<testng-results ignored="0" total="2" passed="2" failed="0" skipped="0">
  <reporter-output>
  </reporter-output>
  <suite started-at="2023-09-13T11:41:13 IST" name="Suite" finished-at="2023-09-13T11:41:13 IST" duration-ms="58">
    <groups>
    </groups>
    <test started-at="2023-09-13T11:41:13 IST" name="Test" finished-at="2023-09-13T11:41:13 IST" duration-ms="58">
      <class name="project.Login">
        <test-method signature="loginbyemail()[pri:0, instance:project.Login@52719fb6]" started-at="2023-09-13T11:41:13 IST" name="loginbyemail" finished-at="2023-09-13T11:41:13 IST" duration-ms="16" status="PASS">
          <reporter-output>
          </reporter-output>
        </test-method> <!-- loginbyemail -->
        <test-method signature="loginbyfacebook()[pri:0, instance:project.Login@52719fb6]" started-at="2023-09-13T11:41:13 IST" name="loginbyfacebook" finished-at="2023-09-13T11:41:13 IST" duration-ms="0" status="PASS">
          <reporter-output>
          </reporter-output>
        </test-method> <!-- loginbyfacebook -->
      </class> <!-- project.Login -->
    </test> <!-- Test -->
  </suite> <!-- Suite -->
</testng-results>
