<?xml version="1.0" encoding="UTF-8"?>
<testng-results ignored="0" total="1" passed="1" failed="0" skipped="0">
  <reporter-output>
  </reporter-output>
  <suite started-at="2023-09-07T11:47:09 IST" name="Default suite" finished-at="2023-09-07T11:47:13 IST" duration-ms="4717">
    <groups>
    </groups>
    <test started-at="2023-09-07T11:47:09 IST" name="Default test" finished-at="2023-09-07T11:47:13 IST" duration-ms="4717">
      <class name="project.Google">
        <test-method signature="logib()[pri:0, instance:project.Google@2af004b]" started-at="2023-09-07T11:47:09 IST" name="logib" finished-at="2023-09-07T11:47:13 IST" duration-ms="4648" status="PASS">
          <reporter-output>
          </reporter-output>
        </test-method> <!-- logib -->
      </class> <!-- project.Google -->
    </test> <!-- Default test -->
  </suite> <!-- Default suite -->
</testng-results>
